[2018-06-12T19:56:27.117] [ERROR] system - ENOENT: no such file or directory, open '/Users/funakimasanori/_ffb/00_workspace/udemy_coffeescript_nodejs_express/section_10_web_application_development_v1.0.0/lecture41/views/post/_share/stylesheets.pug'
    at /Users/funakimasanori/_ffb/00_workspace/udemy_coffeescript_nodejs_express/section_10_web_application_development_v1.0.0/lecture41/views/post/index.pug line 8
[2018-06-12T19:58:39.475] [ERROR] system - ENOENT: no such file or directory, open '/Users/funakimasanori/_ffb/00_workspace/udemy_coffeescript_nodejs_express/section_10_web_application_development_v1.0.0/lecture41/views/post/_share/stylesheets.pug'
    at /Users/funakimasanori/_ffb/00_workspace/udemy_coffeescript_nodejs_express/section_10_web_application_development_v1.0.0/lecture41/views/post/index.pug line 8
[2018-06-12T19:59:05.433] [ERROR] system - ENOENT: no such file or directory, open '/Users/funakimasanori/_ffb/00_workspace/udemy_coffeescript_nodejs_express/section_10_web_application_development_v1.0.0/lecture41/views/post/_share/stylesheets.pug'
    at /Users/funakimasanori/_ffb/00_workspace/udemy_coffeescript_nodejs_express/section_10_web_application_development_v1.0.0/lecture41/views/post/index.pug line 8
[2018-06-12T20:00:33.896] [ERROR] system - ENOENT: no such file or directory, open '/Users/funakimasanori/_ffb/00_workspace/udemy_coffeescript_nodejs_express/section_10_web_application_development_v1.0.0/lecture41/views/post/_share/stylesheets.pug'
    at /Users/funakimasanori/_ffb/00_workspace/udemy_coffeescript_nodejs_express/section_10_web_application_development_v1.0.0/lecture41/views/post/index.pug line 8
[2018-06-12T20:00:39.726] [ERROR] system - ENOENT: no such file or directory, open '/Users/funakimasanori/_ffb/00_workspace/udemy_coffeescript_nodejs_express/section_10_web_application_development_v1.0.0/lecture41/views/post/_share/stylesheets.pug'
    at /Users/funakimasanori/_ffb/00_workspace/udemy_coffeescript_nodejs_express/section_10_web_application_development_v1.0.0/lecture41/views/post/index.pug line 8
[2018-06-12T20:06:36.645] [ERROR] system - Cannot read property 'db' of undefined
[2018-06-12T20:08:04.663] [ERROR] system - Cannot read property 'db' of undefined
[2018-06-12T20:08:11.916] [ERROR] system - Cannot read property 'db' of undefined
[2018-06-12T20:08:22.062] [ERROR] system - Cannot read property 'db' of undefined
[2018-06-12T20:10:29.611] [ERROR] system - Cannot read property 'db' of undefined
[2018-06-12T20:10:31.848] [ERROR] system - Cannot read property 'db' of undefined
[2018-06-12T20:11:27.157] [ERROR] system - Cannot read property 'db' of undefined
[2018-06-12T20:12:49.000] [ERROR] system - Cannot read property 'db' of undefined
[2018-06-12T20:12:58.823] [ERROR] system - /Users/funakimasanori/_ffb/00_workspace/udemy_coffeescript_nodejs_express/section_10_web_application_development_v1.0.0/lecture41/views/posts.pug:13
    11|     .container
    12|       .page-header
  > 13|         h1 #{data.title}
    14|       dl.dl-horizontal
    15|         dt published:
    16|         dd #{data.published}

Cannot read property 'title' of undefined
[2018-06-12T20:13:11.594] [ERROR] system - /Users/funakimasanori/_ffb/00_workspace/udemy_coffeescript_nodejs_express/section_10_web_application_development_v1.0.0/lecture41/views/posts.pug:13
    11|     .container
    12|       .page-header
  > 13|         h1 #{data.title}
    14|       dl.dl-horizontal
    15|         dt published:
    16|         dd #{data.published}

Cannot read property 'title' of undefined
[2018-06-12T20:13:36.217] [ERROR] system - /Users/funakimasanori/_ffb/00_workspace/udemy_coffeescript_nodejs_express/section_10_web_application_development_v1.0.0/lecture41/views/posts.pug:13
    11|     .container
    12|       .page-header
  > 13|         h1 #{data.title}
    14|       dl.dl-horizontal
    15|         dt published:
    16|         dd #{data.published}

Cannot read property 'title' of undefined
[2018-06-12T20:13:46.001] [ERROR] system - /Users/funakimasanori/_ffb/00_workspace/udemy_coffeescript_nodejs_express/section_10_web_application_development_v1.0.0/lecture41/views/posts.pug:13
    11|     .container
    12|       .page-header
  > 13|         h1 #{data.title}
    14|       dl.dl-horizontal
    15|         dt published:
    16|         dd #{data.published}

Cannot read property 'title' of undefined
[2018-06-12T20:14:40.998] [ERROR] system - /Users/funakimasanori/_ffb/00_workspace/udemy_coffeescript_nodejs_express/section_10_web_application_development_v1.0.0/lecture41/views/posts.pug:13
    11|     .container
    12|       .page-header
  > 13|         h1 #{data.title}
    14|       dl.dl-horizontal
    15|         dt published:
    16|         dd #{data.published}

Cannot read property 'title' of undefined
[2018-06-12T20:14:48.341] [ERROR] system - /Users/funakimasanori/_ffb/00_workspace/udemy_coffeescript_nodejs_express/section_10_web_application_development_v1.0.0/lecture41/views/posts.pug:13
    11|     .container
    12|       .page-header
  > 13|         h1 #{data.title}
    14|       dl.dl-horizontal
    15|         dt published:
    16|         dd #{data.published}

Cannot read property 'title' of undefined
[2018-06-12T20:14:54.382] [ERROR] system - /Users/funakimasanori/_ffb/00_workspace/udemy_coffeescript_nodejs_express/section_10_web_application_development_v1.0.0/lecture41/views/posts.pug:13
    11|     .container
    12|       .page-header
  > 13|         h1 #{data.title}
    14|       dl.dl-horizontal
    15|         dt published:
    16|         dd #{data.published}

Cannot read property 'title' of undefined
[2018-06-12T20:15:01.662] [ERROR] system - /Users/funakimasanori/_ffb/00_workspace/udemy_coffeescript_nodejs_express/section_10_web_application_development_v1.0.0/lecture41/views/posts.pug:13
    11|     .container
    12|       .page-header
  > 13|         h1 #{data.title}
    14|       dl.dl-horizontal
    15|         dt published:
    16|         dd #{data.published}

Cannot read property 'title' of undefined
[2018-06-12T20:16:38.818] [ERROR] system - /Users/funakimasanori/_ffb/00_workspace/udemy_coffeescript_nodejs_express/section_10_web_application_development_v1.0.0/lecture41/views/posts.pug:13
    11|     .container
    12|       .page-header
  > 13|         h1 #{data.title}
    14|       dl.dl-horizontal
    15|         dt published:
    16|         dd #{data.published}

Cannot read property 'title' of undefined
[2018-06-12T20:16:41.794] [ERROR] system - /Users/funakimasanori/_ffb/00_workspace/udemy_coffeescript_nodejs_express/section_10_web_application_development_v1.0.0/lecture41/views/posts.pug:13
    11|     .container
    12|       .page-header
  > 13|         h1 #{data.title}
    14|       dl.dl-horizontal
    15|         dt published:
    16|         dd #{data.published}

Cannot read property 'title' of undefined
