[2018-06-12T17:30:05.275] [WARN] access - ::1 - - "GET / HTTP/1.1" 304 - "" "Mozilla/5.0 (Macintosh; Intel Mac OS X 10_13_5) AppleWebKit/537.36 (KHTML, like Gecko) Chrome/67.0.3396.79 Safari/537.36"
[2018-06-12T17:30:05.294] [ERROR] access - ::1 - - "GET /robots.txt HTTP/1.1" 404 149 "" "Mozilla/5.0 (Macintosh; Intel Mac OS X 10_13_5) AppleWebKit/537.36 (KHTML, like Gecko) Chrome/67.0.3396.79 Safari/537.36"
[2018-06-12T18:22:11.649] [WARN] access - ::1 - - "GET / HTTP/1.1" 304 - "" "Mozilla/5.0 (Macintosh; Intel Mac OS X 10_13_5) AppleWebKit/537.36 (KHTML, like Gecko) Chrome/67.0.3396.79 Safari/537.36"
[2018-06-12T18:22:11.691] [ERROR] access - ::1 - - "GET /robots.txt HTTP/1.1" 404 149 "" "Mozilla/5.0 (Macintosh; Intel Mac OS X 10_13_5) AppleWebKit/537.36 (KHTML, like Gecko) Chrome/67.0.3396.79 Safari/537.36"
[2018-06-12T18:22:13.280] [WARN] access - ::1 - - "GET / HTTP/1.1" 304 - "http://localhost:3000/" "Mozilla/5.0 (Macintosh; Intel Mac OS X 10_13_5) AppleWebKit/537.36 (KHTML, like Gecko) Chrome/67.0.3396.79 Safari/537.36"
[2018-06-12T18:22:13.282] [ERROR] access - ::1 - - "GET /robots.txt HTTP/1.1" 404 149 "" "Mozilla/5.0 (Macintosh; Intel Mac OS X 10_13_5) AppleWebKit/537.36 (KHTML, like Gecko) Chrome/67.0.3396.79 Safari/537.36"
[2018-06-12T18:22:14.170] [ERROR] access - ::1 - - "GET /account HTTP/1.1" 404 146 "http://localhost:3000/" "Mozilla/5.0 (Macintosh; Intel Mac OS X 10_13_5) AppleWebKit/537.36 (KHTML, like Gecko) Chrome/67.0.3396.79 Safari/537.36"
[2018-06-12T18:22:14.182] [ERROR] access - ::1 - - "GET /robots.txt HTTP/1.1" 404 149 "" "Mozilla/5.0 (Macintosh; Intel Mac OS X 10_13_5) AppleWebKit/537.36 (KHTML, like Gecko) Chrome/67.0.3396.79 Safari/537.36"
[2018-06-12T18:22:15.341] [ERROR] access - ::1 - - "GET /robots.txt HTTP/1.1" 404 149 "" "Mozilla/5.0 (Macintosh; Intel Mac OS X 10_13_5) AppleWebKit/537.36 (KHTML, like Gecko) Chrome/67.0.3396.79 Safari/537.36"
[2018-06-12T18:28:10.933] [WARN] access - ::1 - - "GET / HTTP/1.1" 304 - "http://localhost:3000/" "Mozilla/5.0 (Macintosh; Intel Mac OS X 10_13_5) AppleWebKit/537.36 (KHTML, like Gecko) Chrome/67.0.3396.79 Safari/537.36"
[2018-06-12T18:28:10.954] [ERROR] access - ::1 - - "GET /robots.txt HTTP/1.1" 404 149 "" "Mozilla/5.0 (Macintosh; Intel Mac OS X 10_13_5) AppleWebKit/537.36 (KHTML, like Gecko) Chrome/67.0.3396.79 Safari/537.36"
[2018-06-12T19:46:38.294] [WARN] access - ::1 - - "GET / HTTP/1.1" 304 - "" "Mozilla/5.0 (Macintosh; Intel Mac OS X 10_13_5) AppleWebKit/537.36 (KHTML, like Gecko) Chrome/67.0.3396.79 Safari/537.36"
[2018-06-12T19:46:38.347] [ERROR] access - ::1 - - "GET /robots.txt HTTP/1.1" 404 149 "" "Mozilla/5.0 (Macintosh; Intel Mac OS X 10_13_5) AppleWebKit/537.36 (KHTML, like Gecko) Chrome/67.0.3396.79 Safari/537.36"
[2018-06-12T19:46:47.536] [ERROR] access - ::1 - - "GET /robots.txt HTTP/1.1" 404 149 "" "Mozilla/5.0 (Macintosh; Intel Mac OS X 10_13_5) AppleWebKit/537.36 (KHTML, like Gecko) Chrome/67.0.3396.79 Safari/537.36"
[2018-06-12T19:55:25.999] [INFO] access - ::1 - - "GET /post/2017/07/advanced-nodejs.html HTTP/1.1" 200 826 "" "Mozilla/5.0 (Macintosh; Intel Mac OS X 10_13_5) AppleWebKit/537.36 (KHTML, like Gecko) Chrome/67.0.3396.79 Safari/537.36"
[2018-06-12T19:56:26.211] [ERROR] access - ::1 - - "GET /robots.txt HTTP/1.1" 404 149 "" "Mozilla/5.0 (Macintosh; Intel Mac OS X 10_13_5) AppleWebKit/537.36 (KHTML, like Gecko) Chrome/67.0.3396.79 Safari/537.36"
[2018-06-12T19:56:27.137] [ERROR] access - ::1 - - "GET /post/2017/07/advanced-nodejs.html HTTP/1.1" 404 172 "" "Mozilla/5.0 (Macintosh; Intel Mac OS X 10_13_5) AppleWebKit/537.36 (KHTML, like Gecko) Chrome/67.0.3396.79 Safari/537.36"
[2018-06-12T19:58:39.195] [ERROR] access - ::1 - - "GET /robots.txt HTTP/1.1" 404 149 "" "Mozilla/5.0 (Macintosh; Intel Mac OS X 10_13_5) AppleWebKit/537.36 (KHTML, like Gecko) Chrome/67.0.3396.79 Safari/537.36"
[2018-06-12T19:58:39.494] [ERROR] access - ::1 - - "GET /post/2017/07/advanced-nodejs.html HTTP/1.1" 404 172 "" "Mozilla/5.0 (Macintosh; Intel Mac OS X 10_13_5) AppleWebKit/537.36 (KHTML, like Gecko) Chrome/67.0.3396.79 Safari/537.36"
[2018-06-12T19:58:39.588] [ERROR] access - ::1 - - "GET /robots.txt HTTP/1.1" 404 149 "" "Mozilla/5.0 (Macintosh; Intel Mac OS X 10_13_5) AppleWebKit/537.36 (KHTML, like Gecko) Chrome/67.0.3396.79 Safari/537.36"
[2018-06-12T19:59:05.434] [ERROR] access - ::1 - - "GET /post/2017/06/nodejs-basic.html HTTP/1.1" 404 169 "" "Mozilla/5.0 (Macintosh; Intel Mac OS X 10_13_5) AppleWebKit/537.36 (KHTML, like Gecko) Chrome/67.0.3396.79 Safari/537.36"
[2018-06-12T20:00:33.615] [ERROR] access - ::1 - - "GET /robots.txt HTTP/1.1" 404 149 "" "Mozilla/5.0 (Macintosh; Intel Mac OS X 10_13_5) AppleWebKit/537.36 (KHTML, like Gecko) Chrome/67.0.3396.79 Safari/537.36"
[2018-06-12T20:00:33.914] [ERROR] access - ::1 - - "GET /post/2017/06/nodejs-basic.html HTTP/1.1" 404 169 "" "Mozilla/5.0 (Macintosh; Intel Mac OS X 10_13_5) AppleWebKit/537.36 (KHTML, like Gecko) Chrome/67.0.3396.79 Safari/537.36"
[2018-06-12T20:00:39.727] [ERROR] access - ::1 - - "GET /post/2017/06/nodejs-basic.html HTTP/1.1" 404 169 "" "Mozilla/5.0 (Macintosh; Intel Mac OS X 10_13_5) AppleWebKit/537.36 (KHTML, like Gecko) Chrome/67.0.3396.79 Safari/537.36"
[2018-06-12T20:00:39.729] [ERROR] access - ::1 - - "GET /robots.txt HTTP/1.1" 404 149 "" "Mozilla/5.0 (Macintosh; Intel Mac OS X 10_13_5) AppleWebKit/537.36 (KHTML, like Gecko) Chrome/67.0.3396.79 Safari/537.36"
[2018-06-12T20:00:39.807] [ERROR] access - ::1 - - "GET /robots.txt HTTP/1.1" 404 149 "" "Mozilla/5.0 (Macintosh; Intel Mac OS X 10_13_5) AppleWebKit/537.36 (KHTML, like Gecko) Chrome/67.0.3396.79 Safari/537.36"
[2018-06-12T20:06:36.655] [ERROR] access - ::1 - - "GET /post/2017/06/nodejs-basic.html HTTP/1.1" 404 169 "" "Mozilla/5.0 (Macintosh; Intel Mac OS X 10_13_5) AppleWebKit/537.36 (KHTML, like Gecko) Chrome/67.0.3396.79 Safari/537.36"
[2018-06-12T20:06:36.768] [ERROR] access - ::1 - - "GET /robots.txt HTTP/1.1" 404 149 "" "Mozilla/5.0 (Macintosh; Intel Mac OS X 10_13_5) AppleWebKit/537.36 (KHTML, like Gecko) Chrome/67.0.3396.79 Safari/537.36"
[2018-06-12T20:08:04.672] [ERROR] access - ::1 - - "GET /post/2017/06/nodejs-basic.html HTTP/1.1" 404 169 "" "Mozilla/5.0 (Macintosh; Intel Mac OS X 10_13_5) AppleWebKit/537.36 (KHTML, like Gecko) Chrome/67.0.3396.79 Safari/537.36"
[2018-06-12T20:08:11.918] [ERROR] access - ::1 - - "GET /post/2017/06/nodejs-basic.html HTTP/1.1" 404 169 "" "Mozilla/5.0 (Macintosh; Intel Mac OS X 10_13_5) AppleWebKit/537.36 (KHTML, like Gecko) Chrome/67.0.3396.79 Safari/537.36"
[2018-06-12T20:08:11.957] [ERROR] access - ::1 - - "GET /robots.txt HTTP/1.1" 404 149 "" "Mozilla/5.0 (Macintosh; Intel Mac OS X 10_13_5) AppleWebKit/537.36 (KHTML, like Gecko) Chrome/67.0.3396.79 Safari/537.36"
[2018-06-12T20:08:11.998] [ERROR] access - ::1 - - "GET /robots.txt HTTP/1.1" 404 149 "" "Mozilla/5.0 (Macintosh; Intel Mac OS X 10_13_5) AppleWebKit/537.36 (KHTML, like Gecko) Chrome/67.0.3396.79 Safari/537.36"
[2018-06-12T20:08:22.063] [ERROR] access - ::1 - - "GET /post/ HTTP/1.1" 404 144 "" "Mozilla/5.0 (Macintosh; Intel Mac OS X 10_13_5) AppleWebKit/537.36 (KHTML, like Gecko) Chrome/67.0.3396.79 Safari/537.36"
[2018-06-12T20:08:22.384] [ERROR] access - ::1 - - "GET /robots.txt HTTP/1.1" 404 149 "" "Mozilla/5.0 (Macintosh; Intel Mac OS X 10_13_5) AppleWebKit/537.36 (KHTML, like Gecko) Chrome/67.0.3396.79 Safari/537.36"
[2018-06-12T20:10:29.621] [ERROR] access - ::1 - - "GET /post/2017/07/advanced-nodejs.html HTTP/1.1" 404 172 "" "Mozilla/5.0 (Macintosh; Intel Mac OS X 10_13_5) AppleWebKit/537.36 (KHTML, like Gecko) Chrome/67.0.3396.79 Safari/537.36"
[2018-06-12T20:10:29.625] [ERROR] access - ::1 - - "GET /robots.txt HTTP/1.1" 404 149 "" "Mozilla/5.0 (Macintosh; Intel Mac OS X 10_13_5) AppleWebKit/537.36 (KHTML, like Gecko) Chrome/67.0.3396.79 Safari/537.36"
[2018-06-12T20:10:31.851] [ERROR] access - ::1 - - "GET /post/2017/07/advanced-nodejs.html HTTP/1.1" 404 172 "" "Mozilla/5.0 (Macintosh; Intel Mac OS X 10_13_5) AppleWebKit/537.36 (KHTML, like Gecko) Chrome/67.0.3396.79 Safari/537.36"
[2018-06-12T20:10:31.853] [ERROR] access - ::1 - - "GET /robots.txt HTTP/1.1" 404 149 "" "Mozilla/5.0 (Macintosh; Intel Mac OS X 10_13_5) AppleWebKit/537.36 (KHTML, like Gecko) Chrome/67.0.3396.79 Safari/537.36"
[2018-06-12T20:10:31.942] [ERROR] access - ::1 - - "GET /robots.txt HTTP/1.1" 404 149 "" "Mozilla/5.0 (Macintosh; Intel Mac OS X 10_13_5) AppleWebKit/537.36 (KHTML, like Gecko) Chrome/67.0.3396.79 Safari/537.36"
[2018-06-12T20:11:27.167] [ERROR] access - ::1 - - "GET /post/ HTTP/1.1" 404 144 "" "Mozilla/5.0 (Macintosh; Intel Mac OS X 10_13_5) AppleWebKit/537.36 (KHTML, like Gecko) Chrome/67.0.3396.79 Safari/537.36"
[2018-06-12T20:12:49.003] [ERROR] access - ::1 - - "GET /post/ HTTP/1.1" 404 144 "" "Mozilla/5.0 (Macintosh; Intel Mac OS X 10_13_5) AppleWebKit/537.36 (KHTML, like Gecko) Chrome/67.0.3396.79 Safari/537.36"
[2018-06-12T20:12:49.039] [ERROR] access - ::1 - - "GET /robots.txt HTTP/1.1" 404 149 "" "Mozilla/5.0 (Macintosh; Intel Mac OS X 10_13_5) AppleWebKit/537.36 (KHTML, like Gecko) Chrome/67.0.3396.79 Safari/537.36"
[2018-06-12T20:12:49.083] [ERROR] access - ::1 - - "GET /robots.txt HTTP/1.1" 404 149 "" "Mozilla/5.0 (Macintosh; Intel Mac OS X 10_13_5) AppleWebKit/537.36 (KHTML, like Gecko) Chrome/67.0.3396.79 Safari/537.36"
[2018-06-12T20:12:58.853] [ERROR] access - ::1 - - "GET /post/ HTTP/1.1" 404 144 "" "Mozilla/5.0 (Macintosh; Intel Mac OS X 10_13_5) AppleWebKit/537.36 (KHTML, like Gecko) Chrome/67.0.3396.79 Safari/537.36"
[2018-06-12T20:12:58.942] [ERROR] access - ::1 - - "GET /robots.txt HTTP/1.1" 404 149 "" "Mozilla/5.0 (Macintosh; Intel Mac OS X 10_13_5) AppleWebKit/537.36 (KHTML, like Gecko) Chrome/67.0.3396.79 Safari/537.36"
[2018-06-12T20:13:06.409] [ERROR] access - ::1 - - "GET /posts/ HTTP/1.1" 404 145 "" "Mozilla/5.0 (Macintosh; Intel Mac OS X 10_13_5) AppleWebKit/537.36 (KHTML, like Gecko) Chrome/67.0.3396.79 Safari/537.36"
[2018-06-12T20:13:11.596] [ERROR] access - ::1 - - "GET /post/ HTTP/1.1" 404 144 "" "Mozilla/5.0 (Macintosh; Intel Mac OS X 10_13_5) AppleWebKit/537.36 (KHTML, like Gecko) Chrome/67.0.3396.79 Safari/537.36"
[2018-06-12T20:13:11.598] [ERROR] access - ::1 - - "GET /robots.txt HTTP/1.1" 404 149 "" "Mozilla/5.0 (Macintosh; Intel Mac OS X 10_13_5) AppleWebKit/537.36 (KHTML, like Gecko) Chrome/67.0.3396.79 Safari/537.36"
[2018-06-12T20:13:11.687] [ERROR] access - ::1 - - "GET /robots.txt HTTP/1.1" 404 149 "" "Mozilla/5.0 (Macintosh; Intel Mac OS X 10_13_5) AppleWebKit/537.36 (KHTML, like Gecko) Chrome/67.0.3396.79 Safari/537.36"
[2018-06-12T20:13:36.217] [ERROR] access - ::1 - - "GET /post HTTP/1.1" 404 143 "" "Mozilla/5.0 (Macintosh; Intel Mac OS X 10_13_5) AppleWebKit/537.36 (KHTML, like Gecko) Chrome/67.0.3396.79 Safari/537.36"
[2018-06-12T20:13:36.316] [ERROR] access - ::1 - - "GET /robots.txt HTTP/1.1" 404 149 "" "Mozilla/5.0 (Macintosh; Intel Mac OS X 10_13_5) AppleWebKit/537.36 (KHTML, like Gecko) Chrome/67.0.3396.79 Safari/537.36"
[2018-06-12T20:13:40.512] [WARN] access - ::1 - - "GET / HTTP/1.1" 304 - "" "Mozilla/5.0 (Macintosh; Intel Mac OS X 10_13_5) AppleWebKit/537.36 (KHTML, like Gecko) Chrome/67.0.3396.79 Safari/537.36"
[2018-06-12T20:13:40.613] [ERROR] access - ::1 - - "GET /robots.txt HTTP/1.1" 404 149 "" "Mozilla/5.0 (Macintosh; Intel Mac OS X 10_13_5) AppleWebKit/537.36 (KHTML, like Gecko) Chrome/67.0.3396.79 Safari/537.36"
[2018-06-12T20:13:46.002] [ERROR] access - ::1 - - "GET /post HTTP/1.1" 404 143 "" "Mozilla/5.0 (Macintosh; Intel Mac OS X 10_13_5) AppleWebKit/537.36 (KHTML, like Gecko) Chrome/67.0.3396.79 Safari/537.36"
[2018-06-12T20:14:40.999] [ERROR] access - ::1 - - "GET /post HTTP/1.1" 404 143 "" "Mozilla/5.0 (Macintosh; Intel Mac OS X 10_13_5) AppleWebKit/537.36 (KHTML, like Gecko) Chrome/67.0.3396.79 Safari/537.36"
[2018-06-12T20:14:40.999] [ERROR] access - ::1 - - "GET /robots.txt HTTP/1.1" 404 149 "" "Mozilla/5.0 (Macintosh; Intel Mac OS X 10_13_5) AppleWebKit/537.36 (KHTML, like Gecko) Chrome/67.0.3396.79 Safari/537.36"
[2018-06-12T20:14:41.076] [ERROR] access - ::1 - - "GET /robots.txt HTTP/1.1" 404 149 "" "Mozilla/5.0 (Macintosh; Intel Mac OS X 10_13_5) AppleWebKit/537.36 (KHTML, like Gecko) Chrome/67.0.3396.79 Safari/537.36"
[2018-06-12T20:14:48.369] [ERROR] access - ::1 - - "GET /post HTTP/1.1" 404 143 "" "Mozilla/5.0 (Macintosh; Intel Mac OS X 10_13_5) AppleWebKit/537.36 (KHTML, like Gecko) Chrome/67.0.3396.79 Safari/537.36"
[2018-06-12T20:14:54.383] [ERROR] access - ::1 - - "GET /post HTTP/1.1" 404 143 "" "Mozilla/5.0 (Macintosh; Intel Mac OS X 10_13_5) AppleWebKit/537.36 (KHTML, like Gecko) Chrome/67.0.3396.79 Safari/537.36"
[2018-06-12T20:14:54.385] [ERROR] access - ::1 - - "GET /robots.txt HTTP/1.1" 404 149 "" "Mozilla/5.0 (Macintosh; Intel Mac OS X 10_13_5) AppleWebKit/537.36 (KHTML, like Gecko) Chrome/67.0.3396.79 Safari/537.36"
[2018-06-12T20:14:54.463] [ERROR] access - ::1 - - "GET /robots.txt HTTP/1.1" 404 149 "" "Mozilla/5.0 (Macintosh; Intel Mac OS X 10_13_5) AppleWebKit/537.36 (KHTML, like Gecko) Chrome/67.0.3396.79 Safari/537.36"
[2018-06-12T20:15:01.666] [ERROR] access - ::1 - - "GET /post HTTP/1.1" 404 143 "" "Mozilla/5.0 (Macintosh; Intel Mac OS X 10_13_5) AppleWebKit/537.36 (KHTML, like Gecko) Chrome/67.0.3396.79 Safari/537.36"
[2018-06-12T20:16:38.844] [ERROR] access - ::1 - - "GET / HTTP/1.1" 404 139 "" "Mozilla/5.0 (Macintosh; Intel Mac OS X 10_13_5) AppleWebKit/537.36 (KHTML, like Gecko) Chrome/67.0.3396.79 Safari/537.36"
[2018-06-12T20:16:38.936] [ERROR] access - ::1 - - "GET /robots.txt HTTP/1.1" 404 149 "" "Mozilla/5.0 (Macintosh; Intel Mac OS X 10_13_5) AppleWebKit/537.36 (KHTML, like Gecko) Chrome/67.0.3396.79 Safari/537.36"
[2018-06-12T20:16:41.795] [ERROR] access - ::1 - - "GET / HTTP/1.1" 404 139 "" "Mozilla/5.0 (Macintosh; Intel Mac OS X 10_13_5) AppleWebKit/537.36 (KHTML, like Gecko) Chrome/67.0.3396.79 Safari/537.36"
[2018-06-12T20:16:46.384] [INFO] access - ::1 - - "GET /post HTTP/1.1" 200 826 "" "Mozilla/5.0 (Macintosh; Intel Mac OS X 10_13_5) AppleWebKit/537.36 (KHTML, like Gecko) Chrome/67.0.3396.79 Safari/537.36"
[2018-06-12T20:16:46.386] [ERROR] access - ::1 - - "GET /robots.txt HTTP/1.1" 404 149 "" "Mozilla/5.0 (Macintosh; Intel Mac OS X 10_13_5) AppleWebKit/537.36 (KHTML, like Gecko) Chrome/67.0.3396.79 Safari/537.36"
[2018-06-12T20:16:46.473] [ERROR] access - ::1 - - "GET /robots.txt HTTP/1.1" 404 149 "" "Mozilla/5.0 (Macintosh; Intel Mac OS X 10_13_5) AppleWebKit/537.36 (KHTML, like Gecko) Chrome/67.0.3396.79 Safari/537.36"
[2018-06-12T20:17:41.243] [INFO] access - ::1 - - "GET / HTTP/1.1" 200 785 "" "Mozilla/5.0 (Macintosh; Intel Mac OS X 10_13_5) AppleWebKit/537.36 (KHTML, like Gecko) Chrome/67.0.3396.79 Safari/537.36"
[2018-06-12T20:17:41.323] [ERROR] access - ::1 - - "GET /robots.txt HTTP/1.1" 404 149 "" "Mozilla/5.0 (Macintosh; Intel Mac OS X 10_13_5) AppleWebKit/537.36 (KHTML, like Gecko) Chrome/67.0.3396.79 Safari/537.36"
[2018-06-12T20:18:34.919] [INFO] access - ::1 - - "GET /post HTTP/1.1" 200 785 "" "Mozilla/5.0 (Macintosh; Intel Mac OS X 10_13_5) AppleWebKit/537.36 (KHTML, like Gecko) Chrome/67.0.3396.79 Safari/537.36"
[2018-06-12T20:18:37.866] [INFO] access - ::1 - - "GET /post/asa HTTP/1.1" 200 785 "" "Mozilla/5.0 (Macintosh; Intel Mac OS X 10_13_5) AppleWebKit/537.36 (KHTML, like Gecko) Chrome/67.0.3396.79 Safari/537.36"
[2018-06-12T20:18:37.872] [ERROR] access - ::1 - - "GET /robots.txt HTTP/1.1" 404 149 "" "Mozilla/5.0 (Macintosh; Intel Mac OS X 10_13_5) AppleWebKit/537.36 (KHTML, like Gecko) Chrome/67.0.3396.79 Safari/537.36"
[2018-06-12T20:18:37.933] [ERROR] access - ::1 - - "GET /robots.txt HTTP/1.1" 404 149 "" "Mozilla/5.0 (Macintosh; Intel Mac OS X 10_13_5) AppleWebKit/537.36 (KHTML, like Gecko) Chrome/67.0.3396.79 Safari/537.36"
[2018-06-12T20:18:42.222] [INFO] access - ::1 - - "GET /post/asa/ada HTTP/1.1" 200 785 "" "Mozilla/5.0 (Macintosh; Intel Mac OS X 10_13_5) AppleWebKit/537.36 (KHTML, like Gecko) Chrome/67.0.3396.79 Safari/537.36"
[2018-06-12T20:24:13.322] [ERROR] access - ::1 - - "GET /robots.txt HTTP/1.1" 404 149 "" "Mozilla/5.0 (Macintosh; Intel Mac OS X 10_13_5) AppleWebKit/537.36 (KHTML, like Gecko) Chrome/67.0.3396.79 Safari/537.36"
[2018-06-12T20:24:45.409] [INFO] access - ::1 - - "GET /post/ HTTP/1.1" 200 785 "" "Mozilla/5.0 (Macintosh; Intel Mac OS X 10_13_5) AppleWebKit/537.36 (KHTML, like Gecko) Chrome/67.0.3396.79 Safari/537.36"
[2018-06-12T20:24:47.278] [ERROR] access - ::1 - - "GET /robots.txt HTTP/1.1" 404 149 "" "Mozilla/5.0 (Macintosh; Intel Mac OS X 10_13_5) AppleWebKit/537.36 (KHTML, like Gecko) Chrome/67.0.3396.79 Safari/537.36"
[2018-06-12T20:24:47.303] [WARN] access - ::1 - - "GET /post/ HTTP/1.1" 304 - "" "Mozilla/5.0 (Macintosh; Intel Mac OS X 10_13_5) AppleWebKit/537.36 (KHTML, like Gecko) Chrome/67.0.3396.79 Safari/537.36"
[2018-06-12T20:24:56.429] [INFO] access - ::1 - - "GET / HTTP/1.1" 200 826 "" "Mozilla/5.0 (Macintosh; Intel Mac OS X 10_13_5) AppleWebKit/537.36 (KHTML, like Gecko) Chrome/67.0.3396.79 Safari/537.36"
[2018-06-12T20:24:56.580] [ERROR] access - ::1 - - "GET /robots.txt HTTP/1.1" 404 149 "" "Mozilla/5.0 (Macintosh; Intel Mac OS X 10_13_5) AppleWebKit/537.36 (KHTML, like Gecko) Chrome/67.0.3396.79 Safari/537.36"
[2018-06-12T20:25:03.193] [ERROR] access - ::1 - - "GET /robots.txt HTTP/1.1" 404 149 "" "Mozilla/5.0 (Macintosh; Intel Mac OS X 10_13_5) AppleWebKit/537.36 (KHTML, like Gecko) Chrome/67.0.3396.79 Safari/537.36"
[2018-06-12T20:25:03.218] [INFO] access - ::1 - - "GET /post/aaa HTTP/1.1" 200 785 "" "Mozilla/5.0 (Macintosh; Intel Mac OS X 10_13_5) AppleWebKit/537.36 (KHTML, like Gecko) Chrome/67.0.3396.79 Safari/537.36"
[2018-06-12T20:25:33.758] [ERROR] access - ::1 - - "GET /robots.txt HTTP/1.1" 404 149 "" "Mozilla/5.0 (Macintosh; Intel Mac OS X 10_13_5) AppleWebKit/537.36 (KHTML, like Gecko) Chrome/67.0.3396.79 Safari/537.36"
[2018-06-12T20:26:02.932] [WARN] access - undefined - - "GET /post/ HTTP/1.1" 304 - "" "Mozilla/5.0 (Macintosh; Intel Mac OS X 10_13_5) AppleWebKit/537.36 (KHTML, like Gecko) Chrome/67.0.3396.79 Safari/537.36"
[2018-06-12T20:26:04.099] [INFO] access - ::1 - - "GET /post/ HTTP/1.1" 200 785 "" "Mozilla/5.0 (Macintosh; Intel Mac OS X 10_13_5) AppleWebKit/537.36 (KHTML, like Gecko) Chrome/67.0.3396.79 Safari/537.36"
[2018-06-12T20:26:25.638] [ERROR] access - ::1 - - "GET /robots.txt HTTP/1.1" 404 149 "" "Mozilla/5.0 (Macintosh; Intel Mac OS X 10_13_5) AppleWebKit/537.36 (KHTML, like Gecko) Chrome/67.0.3396.79 Safari/537.36"
[2018-06-12T20:26:25.661] [INFO] access - ::1 - - "GET /post/2017/05/hello-nodejs.html HTTP/1.1" 200 785 "" "Mozilla/5.0 (Macintosh; Intel Mac OS X 10_13_5) AppleWebKit/537.36 (KHTML, like Gecko) Chrome/67.0.3396.79 Safari/537.36"
[2018-06-12T20:27:12.437] [INFO] access - ::1 - - "GET /post/2017/05/hello-nodejs.html HTTP/1.1" 200 827 "" "Mozilla/5.0 (Macintosh; Intel Mac OS X 10_13_5) AppleWebKit/537.36 (KHTML, like Gecko) Chrome/67.0.3396.79 Safari/537.36"
[2018-06-12T20:27:12.439] [ERROR] access - ::1 - - "GET /robots.txt HTTP/1.1" 404 149 "" "Mozilla/5.0 (Macintosh; Intel Mac OS X 10_13_5) AppleWebKit/537.36 (KHTML, like Gecko) Chrome/67.0.3396.79 Safari/537.36"
[2018-06-12T20:27:44.121] [ERROR] access - ::1 - - "GET /robots.txt HTTP/1.1" 404 149 "" "Mozilla/5.0 (Macintosh; Intel Mac OS X 10_13_5) AppleWebKit/537.36 (KHTML, like Gecko) Chrome/67.0.3396.79 Safari/537.36"
[2018-06-12T20:27:44.155] [INFO] access - ::1 - - "GET /post/2017/05/hello-nodejs.html HTTP/1.1" 200 1029 "" "Mozilla/5.0 (Macintosh; Intel Mac OS X 10_13_5) AppleWebKit/537.36 (KHTML, like Gecko) Chrome/67.0.3396.79 Safari/537.36"
[2018-06-12T20:28:05.902] [ERROR] access - ::1 - - "GET /robots.txt HTTP/1.1" 404 149 "" "Mozilla/5.0 (Macintosh; Intel Mac OS X 10_13_5) AppleWebKit/537.36 (KHTML, like Gecko) Chrome/67.0.3396.79 Safari/537.36"
[2018-06-12T20:28:05.934] [INFO] access - ::1 - - "GET /post/2017/05/hello-nodejs.html HTTP/1.1" 200 1018 "" "Mozilla/5.0 (Macintosh; Intel Mac OS X 10_13_5) AppleWebKit/537.36 (KHTML, like Gecko) Chrome/67.0.3396.79 Safari/537.36"
[2018-06-12T20:28:13.793] [WARN] access - ::1 - - "GET / HTTP/1.1" 304 - "" "Mozilla/5.0 (Macintosh; Intel Mac OS X 10_13_5) AppleWebKit/537.36 (KHTML, like Gecko) Chrome/67.0.3396.79 Safari/537.36"
[2018-06-12T20:28:13.795] [ERROR] access - ::1 - - "GET /robots.txt HTTP/1.1" 404 149 "" "Mozilla/5.0 (Macintosh; Intel Mac OS X 10_13_5) AppleWebKit/537.36 (KHTML, like Gecko) Chrome/67.0.3396.79 Safari/537.36"
[2018-06-12T20:29:32.126] [ERROR] access - ::1 - - "GET /robots.txt HTTP/1.1" 404 149 "" "Mozilla/5.0 (Macintosh; Intel Mac OS X 10_13_5) AppleWebKit/537.36 (KHTML, like Gecko) Chrome/67.0.3396.79 Safari/537.36"
[2018-06-12T20:29:33.112] [INFO] access - ::1 - - "GET /post/2017/06/nodejs-basic.html HTTP/1.1" 200 1015 "" "Mozilla/5.0 (Macintosh; Intel Mac OS X 10_13_5) AppleWebKit/537.36 (KHTML, like Gecko) Chrome/67.0.3396.79 Safari/537.36"
